<?xml version="1.0" encoding="UTF-8"?>
<testsuite xmlns:xsi="http://www.w3.org/2001/XMLSchema-instance" xsi:noNamespaceSchemaLocation="https://maven.apache.org/surefire/maven-surefire-plugin/xsd/surefire-test-report.xsd" version="3.0.2" name="com.example.bookshop.repository.BookRepositoryTest" time="0.64" tests="1" errors="0" skipped="0" failures="0">
  <properties>
[...]
</properties>
  <testcase name="findAllByCategoriesId_WithValidCategoriesId_ReturnsBooks" classname="com.example.bookshop.repository.BookRepositoryTest" time="0.057">
    <system-out><![CDATA[2025-03-11T12:21:59.091+02:00  INFO 2324 --- [           main] t.c.s.AnnotationConfigContextLoaderUtils : Could not detect default configuration classes for test class [com.example.bookshop.repository.BookRepositoryTest]: BookRepositoryTest does not declare any static, non-private, non-final, nested classes annotated with @Configuration.
2025-03-11T12:21:59.110+02:00  INFO 2324 --- [           main] .b.t.c.SpringBootTestContextBootstrapper : Found @SpringBootConfiguration com.example.bookshop.BookShopApplication for test class com.example.bookshop.repository.BookRepositoryTest

  .   ____          _            __ _ _
 /\\ / ___'_ __ _ _(_)_ __  __ _ \ \ \ \
( ( )\___ | '_ | '_| | '_ \/ _` | \ \ \ \
 \\/  ___)| |_)| | | | | || (_| |  ) ) ) )
  '  |____| .__|_| |_|_| |_\__, | / / / /
 =========|_|==============|___/=/_/_/_/

 :: Spring Boot ::                (v3.4.2)

2025-03-11T12:21:59.125+02:00  INFO 2324 --- [           main] c.e.b.repository.BookRepositoryTest      : Starting BookRepositoryTest using Java 23.0.2 with PID 2324 (started by RetKi in C:\Users\RetKi\IdeaProjects\Book-shop)
2025-03-11T12:21:59.125+02:00  INFO 2324 --- [           main] c.e.b.repository.BookRepositoryTest      : No active profile set, falling back to 1 default profile: "default"
2025-03-11T12:21:59.204+02:00  INFO 2324 --- [           main] .s.d.r.c.RepositoryConfigurationDelegate : Bootstrapping Spring Data JPA repositories in DEFAULT mode.
2025-03-11T12:21:59.239+02:00  INFO 2324 --- [           main] .s.d.r.c.RepositoryConfigurationDelegate : Finished Spring Data repository scanning in 27 ms. Found 7 JPA repository interfaces.
2025-03-11T12:21:59.267+02:00  INFO 2324 --- [           main] com.zaxxer.hikari.HikariDataSource       : HikariPool-3 - Starting...
2025-03-11T12:21:59.294+02:00  INFO 2324 --- [           main] com.zaxxer.hikari.pool.HikariPool        : HikariPool-3 - Added connection org.testcontainers.jdbc.ConnectionWrapper@656e1682
2025-03-11T12:21:59.294+02:00  INFO 2324 --- [           main] com.zaxxer.hikari.HikariDataSource       : HikariPool-3 - Start completed.
2025-03-11T12:21:59.384+02:00  INFO 2324 --- [           main] liquibase.changelog                      : Reading from test.DATABASECHANGELOG
2025-03-11T12:21:59.416+02:00  INFO 2324 --- [           main] liquibase.ui                             : Database is up to date, no changesets to execute
2025-03-11T12:21:59.417+02:00  INFO 2324 --- [           main] liquibase.util                           : UPDATE SUMMARY
2025-03-11T12:21:59.418+02:00  INFO 2324 --- [           main] liquibase.util                           : Run:                          0
2025-03-11T12:21:59.418+02:00  INFO 2324 --- [           main] liquibase.util                           : Previously run:              13
2025-03-11T12:21:59.418+02:00  INFO 2324 --- [           main] liquibase.util                           : Filtered out:                 0
2025-03-11T12:21:59.418+02:00  INFO 2324 --- [           main] liquibase.util                           : -------------------------------
2025-03-11T12:21:59.418+02:00  INFO 2324 --- [           main] liquibase.util                           : Total change sets:           13
2025-03-11T12:21:59.418+02:00  INFO 2324 --- [           main] liquibase.util                           : Update summary generated
2025-03-11T12:21:59.418+02:00  INFO 2324 --- [           main] liquibase.command                        : Command execution complete
2025-03-11T12:21:59.439+02:00  INFO 2324 --- [           main] o.hibernate.jpa.internal.util.LogHelper  : HHH000204: Processing PersistenceUnitInfo [name: default]
2025-03-11T12:21:59.446+02:00  INFO 2324 --- [           main] o.h.c.internal.RegionFactoryInitiator    : HHH000026: Second-level cache disabled
2025-03-11T12:21:59.457+02:00  INFO 2324 --- [           main] o.s.o.j.p.SpringPersistenceUnitInfo      : No LoadTimeWeaver setup: ignoring JPA class transformer
2025-03-11T12:21:59.464+02:00  INFO 2324 --- [           main] org.hibernate.orm.connections.pooling    : HHH10001005: Database info:
	Database JDBC URL [Connecting through datasource 'HikariDataSource (HikariPool-3)']
	Database driver: undefined/unknown
	Database version: 8.4.4
	Autocommit mode: undefined/unknown
	Isolation level: undefined/unknown
	Minimum pool size: undefined/unknown
	Maximum pool size: undefined/unknown
2025-03-11T12:21:59.597+02:00  INFO 2324 --- [           main] o.h.e.t.j.p.i.JtaPlatformInitiator       : HHH000489: No JTA platform available (set 'hibernate.transaction.jta.platform' to enable JTA platform integration)
2025-03-11T12:21:59.597+02:00  INFO 2324 --- [           main] j.LocalContainerEntityManagerFactoryBean : Initialized JPA EntityManagerFactory for persistence unit 'default'
2025-03-11T12:21:59.670+02:00  INFO 2324 --- [           main] c.e.b.repository.BookRepositoryTest      : Started BookRepositoryTest in 0.56 seconds (process running for 25.664)
Hibernate: select b1_0.id,b1_0.author,b1_0.cover_image,b1_0.description,b1_0.is_deleted,b1_0.isbn,b1_0.price,b1_0.title from books b1_0 left join (books_categories c1_0 join categories c1_1 on c1_1.id=c1_0.category_id) on b1_0.id=c1_0.book_id and ( c1_1.is_deleted = FALSE) where (b1_0.is_deleted = FALSE) and c1_0.category_id=? limit ?
]]></system-out>
  </testcase>
</testsuite>