<?xml version="1.0" encoding="UTF-8"?>
<testsuite xmlns:xsi="http://www.w3.org/2001/XMLSchema-instance" xsi:noNamespaceSchemaLocation="https://maven.apache.org/surefire/maven-surefire-plugin/xsd/surefire-test-report.xsd" version="3.0.2" name="com.example.bookshop.BookShopApplicationTests" time="22.271" tests="1" errors="0" skipped="0" failures="0">
  <properties>
[...]
</properties>
  <testcase name="contextLoads" classname="com.example.bookshop.BookShopApplicationTests" time="0.361">
    <system-out><![CDATA[12:21:34.755 [main] INFO org.springframework.test.context.support.AnnotationConfigContextLoaderUtils -- Could not detect default configuration classes for test class [com.example.bookshop.BookShopApplicationTests]: BookShopApplicationTests does not declare any static, non-private, non-final, nested classes annotated with @Configuration.
12:21:34.862 [main] INFO org.springframework.boot.test.context.SpringBootTestContextBootstrapper -- Found @SpringBootConfiguration com.example.bookshop.BookShopApplication for test class com.example.bookshop.BookShopApplicationTests

  .   ____          _            __ _ _
 /\\ / ___'_ __ _ _(_)_ __  __ _ \ \ \ \
( ( )\___ | '_ | '_| | '_ \/ _` | \ \ \ \
 \\/  ___)| |_)| | | | | || (_| |  ) ) ) )
  '  |____| .__|_| |_|_| |_\__, | / / / /
 =========|_|==============|___/=/_/_/_/

 :: Spring Boot ::                (v3.4.2)

2025-03-11T12:21:35.309+02:00  INFO 2324 --- [           main] c.e.bookshop.BookShopApplicationTests    : Starting BookShopApplicationTests using Java 23.0.2 with PID 2324 (started by RetKi in C:\Users\RetKi\IdeaProjects\Book-shop)
2025-03-11T12:21:35.309+02:00  INFO 2324 --- [           main] c.e.bookshop.BookShopApplicationTests    : No active profile set, falling back to 1 default profile: "default"
2025-03-11T12:21:36.252+02:00  INFO 2324 --- [           main] .s.d.r.c.RepositoryConfigurationDelegate : Bootstrapping Spring Data JPA repositories in DEFAULT mode.
2025-03-11T12:21:36.354+02:00  INFO 2324 --- [           main] .s.d.r.c.RepositoryConfigurationDelegate : Finished Spring Data repository scanning in 92 ms. Found 7 JPA repository interfaces.
2025-03-11T12:21:37.052+02:00  INFO 2324 --- [           main] com.zaxxer.hikari.HikariDataSource       : HikariPool-1 - Starting...
2025-03-11T12:21:37.120+02:00  INFO 2324 --- [           main] org.testcontainers.images.PullPolicy     : Image pull policy will be performed by: DefaultPullPolicy()
2025-03-11T12:21:37.120+02:00  INFO 2324 --- [           main] o.t.utility.ImageNameSubstitutor         : Image name substitution will be performed by: DefaultImageNameSubstitutor (composite of 'ConfigurationFileImageNameSubstitutor' and 'PrefixingImageNameSubstitutor')
2025-03-11T12:21:37.165+02:00  INFO 2324 --- [           main] org.testcontainers.DockerClientFactory   : Testcontainers version: 1.20.4
2025-03-11T12:21:37.343+02:00  INFO 2324 --- [           main] o.t.d.DockerClientProviderStrategy       : Loaded org.testcontainers.dockerclient.NpipeSocketClientProviderStrategy from ~/.testcontainers.properties, will try it first
2025-03-11T12:21:37.580+02:00  INFO 2324 --- [           main] o.t.d.DockerClientProviderStrategy       : Found Docker environment with local Npipe socket (npipe:////./pipe/docker_engine)
2025-03-11T12:21:37.580+02:00  INFO 2324 --- [           main] org.testcontainers.DockerClientFactory   : Docker host IP address is localhost
2025-03-11T12:21:37.601+02:00  INFO 2324 --- [           main] org.testcontainers.DockerClientFactory   : Connected to docker: 
  Server Version: 27.5.1
  API Version: 1.47
  Operating System: Docker Desktop
  Total Memory: 6862 MB
  Labels: 
    com.docker.desktop.address=npipe://\\.\pipe\docker_cli
2025-03-11T12:21:37.659+02:00  INFO 2324 --- [           main] tc.testcontainers/ryuk:0.11.0            : Creating container for image: testcontainers/ryuk:0.11.0
2025-03-11T12:21:37.903+02:00  INFO 2324 --- [           main] tc.testcontainers/ryuk:0.11.0            : Container testcontainers/ryuk:0.11.0 is starting: b2d7dc59d909f26b357714a6b63d690d9438d6aa7c5696ab228ee4ea640aa364
2025-03-11T12:21:38.291+02:00  INFO 2324 --- [           main] tc.testcontainers/ryuk:0.11.0            : Container testcontainers/ryuk:0.11.0 started in PT0.6322278S
2025-03-11T12:21:38.298+02:00  INFO 2324 --- [           main] o.t.utility.RyukResourceReaper           : Ryuk started - will monitor and terminate Testcontainers containers on JVM exit
2025-03-11T12:21:38.298+02:00  INFO 2324 --- [           main] org.testcontainers.DockerClientFactory   : Checking the system...
2025-03-11T12:21:38.298+02:00  INFO 2324 --- [           main] org.testcontainers.DockerClientFactory   : ✔︎ Docker server version should be at least 1.6.0
2025-03-11T12:21:38.301+02:00  INFO 2324 --- [           main] tc.mysql:8                               : Creating container for image: mysql:8
2025-03-11T12:21:38.454+02:00  INFO 2324 --- [           main] tc.mysql:8                               : Container mysql:8 is starting: f862b1c1c6a8cfddaa7a4ab35adaa34134ad81276d6502b5757265c6f4b7c891
2025-03-11T12:21:38.841+02:00  INFO 2324 --- [           main] tc.mysql:8                               : Waiting for database connection to become available at jdbc:mysql://localhost:59448/test using query 'SELECT 1'
2025-03-11T12:21:49.896+02:00  INFO 2324 --- [           main] tc.mysql:8                               : Container mysql:8 started in PT11.5945816S
2025-03-11T12:21:49.896+02:00  INFO 2324 --- [           main] tc.mysql:8                               : Container is started (JDBC URL: jdbc:mysql://localhost:59448/test)
2025-03-11T12:21:49.915+02:00  INFO 2324 --- [           main] com.zaxxer.hikari.pool.HikariPool        : HikariPool-1 - Added connection org.testcontainers.jdbc.ConnectionWrapper@11582db6
2025-03-11T12:21:49.917+02:00  INFO 2324 --- [           main] com.zaxxer.hikari.HikariDataSource       : HikariPool-1 - Start completed.
2025-03-11T12:21:50.500+02:00  INFO 2324 --- [           main] liquibase.changelog                      : Creating database history table with name: test.DATABASECHANGELOG
2025-03-11T12:21:50.640+02:00  INFO 2324 --- [           main] liquibase.changelog                      : Reading from test.DATABASECHANGELOG
2025-03-11T12:21:51.178+02:00  INFO 2324 --- [           main] liquibase.lockservice                    : Successfully acquired change log lock
2025-03-11T12:21:51.180+02:00  INFO 2324 --- [           main] liquibase.command                        : Using deploymentId: 1688511180
2025-03-11T12:21:51.183+02:00  INFO 2324 --- [           main] liquibase.changelog                      : Reading from test.DATABASECHANGELOG
2025-03-11T12:21:51.217+02:00  INFO 2324 --- [           main] liquibase.ui                             : Running Changeset: db/changelog/changes/01-create-books-table.yaml::create-books-table::retkinf
2025-03-11T12:21:51.278+02:00  INFO 2324 --- [           main] liquibase.changelog                      : Table books created
2025-03-11T12:21:51.280+02:00  INFO 2324 --- [           main] liquibase.changelog                      : ChangeSet db/changelog/changes/01-create-books-table.yaml::create-books-table::retkinf ran successfully in 58ms
2025-03-11T12:21:51.293+02:00  INFO 2324 --- [           main] liquibase.ui                             : Running Changeset: db/changelog/changes/02-create-user-table.yaml::create-users-table::retkinf
2025-03-11T12:21:51.332+02:00  INFO 2324 --- [           main] liquibase.changelog                      : Table users created
2025-03-11T12:21:51.334+02:00  INFO 2324 --- [           main] liquibase.changelog                      : ChangeSet db/changelog/changes/02-create-user-table.yaml::create-users-table::retkinf ran successfully in 40ms
2025-03-11T12:21:51.344+02:00  INFO 2324 --- [           main] liquibase.ui                             : Running Changeset: db/changelog/changes/03-create-roles-table.yaml::create-roles-table::retkinf
2025-03-11T12:21:51.378+02:00  INFO 2324 --- [           main] liquibase.changelog                      : Table roles created
2025-03-11T12:21:51.379+02:00  INFO 2324 --- [           main] liquibase.changelog                      : ChangeSet db/changelog/changes/03-create-roles-table.yaml::create-roles-table::retkinf ran successfully in 35ms
2025-03-11T12:21:51.389+02:00  INFO 2324 --- [           main] liquibase.ui                             : Running Changeset: db/changelog/changes/04-create-users-roles-table.yaml::create-users-roles-table::retkinf
2025-03-11T12:21:51.418+02:00  INFO 2324 --- [           main] liquibase.changelog                      : Table users_roles created
2025-03-11T12:21:51.497+02:00  INFO 2324 --- [           main] liquibase.changelog                      : Foreign key constraint added to users_roles (user_id)
2025-03-11T12:21:51.581+02:00  INFO 2324 --- [           main] liquibase.changelog                      : Foreign key constraint added to users_roles (role_id)
2025-03-11T12:21:51.583+02:00  INFO 2324 --- [           main] liquibase.changelog                      : ChangeSet db/changelog/changes/04-create-users-roles-table.yaml::create-users-roles-table::retkinf ran successfully in 194ms
2025-03-11T12:21:51.595+02:00  INFO 2324 --- [           main] liquibase.ui                             : Running Changeset: db/changelog/changes/05-insert-users-table.yaml::insert-users-table::retkinf
2025-03-11T12:21:51.600+02:00  INFO 2324 --- [           main] liquibase.changelog                      : New row inserted into users
2025-03-11T12:21:51.604+02:00  INFO 2324 --- [           main] liquibase.changelog                      : ChangeSet db/changelog/changes/05-insert-users-table.yaml::insert-users-table::retkinf ran successfully in 8ms
2025-03-11T12:21:51.613+02:00  INFO 2324 --- [           main] liquibase.ui                             : Running Changeset: db/changelog/changes/06-insert-roles-table.yaml::insert-roles-table::retkinf
2025-03-11T12:21:51.618+02:00  INFO 2324 --- [           main] liquibase.changelog                      : New row inserted into roles
2025-03-11T12:21:51.621+02:00  INFO 2324 --- [           main] liquibase.changelog                      : New row inserted into roles
2025-03-11T12:21:51.624+02:00  INFO 2324 --- [           main] liquibase.changelog                      : ChangeSet db/changelog/changes/06-insert-roles-table.yaml::insert-roles-table::retkinf ran successfully in 11ms
2025-03-11T12:21:51.634+02:00  INFO 2324 --- [           main] liquibase.ui                             : Running Changeset: db/changelog/changes/07-insert-users-roles-table.yaml::insert-users-roles-table::retkinf
2025-03-11T12:21:51.638+02:00  INFO 2324 --- [           main] liquibase.changelog                      : New row inserted into users_roles
2025-03-11T12:21:51.642+02:00  INFO 2324 --- [           main] liquibase.changelog                      : ChangeSet db/changelog/changes/07-insert-users-roles-table.yaml::insert-users-roles-table::retkinf ran successfully in 8ms
2025-03-11T12:21:51.652+02:00  INFO 2324 --- [           main] liquibase.ui                             : Running Changeset: db/changelog/changes/08-create-categories-table.yaml::create-categories-table::retkinf
2025-03-11T12:21:51.682+02:00  INFO 2324 --- [           main] liquibase.changelog                      : Table categories created
2025-03-11T12:21:51.684+02:00  INFO 2324 --- [           main] liquibase.changelog                      : ChangeSet db/changelog/changes/08-create-categories-table.yaml::create-categories-table::retkinf ran successfully in 31ms
2025-03-11T12:21:51.692+02:00  INFO 2324 --- [           main] liquibase.ui                             : Running Changeset: db/changelog/changes/09-create-books-categories-table.yaml::create-books-categories-table::retkinf
2025-03-11T12:21:51.722+02:00  INFO 2324 --- [           main] liquibase.changelog                      : Table books_categories created
2025-03-11T12:21:51.802+02:00  INFO 2324 --- [           main] liquibase.changelog                      : Foreign key constraint added to books_categories (book_id)
2025-03-11T12:21:51.892+02:00  INFO 2324 --- [           main] liquibase.changelog                      : Foreign key constraint added to books_categories (category_id)
2025-03-11T12:21:51.894+02:00  INFO 2324 --- [           main] liquibase.changelog                      : ChangeSet db/changelog/changes/09-create-books-categories-table.yaml::create-books-categories-table::retkinf ran successfully in 202ms
2025-03-11T12:21:51.906+02:00  INFO 2324 --- [           main] liquibase.ui                             : Running Changeset: db/changelog/changes/10-create-shopping-carts-table.yaml::create-shopping-carts-table::retkinf
2025-03-11T12:21:51.936+02:00  INFO 2324 --- [           main] liquibase.changelog                      : Table shopping_carts created
2025-03-11T12:21:52.004+02:00  INFO 2324 --- [           main] liquibase.changelog                      : Foreign key constraint added to shopping_carts (user_id)
2025-03-11T12:21:52.011+02:00  INFO 2324 --- [           main] liquibase.changelog                      : ChangeSet db/changelog/changes/10-create-shopping-carts-table.yaml::create-shopping-carts-table::retkinf ran successfully in 105ms
2025-03-11T12:21:52.020+02:00  INFO 2324 --- [           main] liquibase.ui                             : Running Changeset: db/changelog/changes/11-create-cart-items-table.yaml::create-cart-items-table::retkinf
2025-03-11T12:21:52.051+02:00  INFO 2324 --- [           main] liquibase.changelog                      : Table cart_items created
2025-03-11T12:21:52.131+02:00  INFO 2324 --- [           main] liquibase.changelog                      : Foreign key constraint added to cart_items (shopping_cart_id)
2025-03-11T12:21:52.231+02:00  INFO 2324 --- [           main] liquibase.changelog                      : Foreign key constraint added to cart_items (book_id)
2025-03-11T12:21:52.232+02:00  INFO 2324 --- [           main] liquibase.changelog                      : ChangeSet db/changelog/changes/11-create-cart-items-table.yaml::create-cart-items-table::retkinf ran successfully in 212ms
2025-03-11T12:21:52.242+02:00  INFO 2324 --- [           main] liquibase.ui                             : Running Changeset: db/changelog/changes/12-create-orders-table.yaml::create-orders-table::retkinf
2025-03-11T12:21:52.304+02:00  INFO 2324 --- [           main] liquibase.changelog                      : Table orders created
2025-03-11T12:21:52.388+02:00  INFO 2324 --- [           main] liquibase.changelog                      : Foreign key constraint added to orders (user_id)
2025-03-11T12:21:52.390+02:00  INFO 2324 --- [           main] liquibase.changelog                      : ChangeSet db/changelog/changes/12-create-orders-table.yaml::create-orders-table::retkinf ran successfully in 147ms
2025-03-11T12:21:52.399+02:00  INFO 2324 --- [           main] liquibase.ui                             : Running Changeset: db/changelog/changes/13-create-order-items-table.yaml::create-order-items-table::retkinf
2025-03-11T12:21:52.438+02:00  INFO 2324 --- [           main] liquibase.changelog                      : Table order_items created
2025-03-11T12:21:52.515+02:00  INFO 2324 --- [           main] liquibase.changelog                      : Foreign key constraint added to order_items (order_id)
2025-03-11T12:21:52.590+02:00  INFO 2324 --- [           main] liquibase.changelog                      : Foreign key constraint added to order_items (book_id)
2025-03-11T12:21:52.592+02:00  INFO 2324 --- [           main] liquibase.changelog                      : ChangeSet db/changelog/changes/13-create-order-items-table.yaml::create-order-items-table::retkinf ran successfully in 193ms
2025-03-11T12:21:52.606+02:00  INFO 2324 --- [           main] liquibase.util                           : UPDATE SUMMARY
2025-03-11T12:21:52.606+02:00  INFO 2324 --- [           main] liquibase.util                           : Run:                         13
2025-03-11T12:21:52.606+02:00  INFO 2324 --- [           main] liquibase.util                           : Previously run:               0
2025-03-11T12:21:52.606+02:00  INFO 2324 --- [           main] liquibase.util                           : Filtered out:                 0
2025-03-11T12:21:52.606+02:00  INFO 2324 --- [           main] liquibase.util                           : -------------------------------
2025-03-11T12:21:52.606+02:00  INFO 2324 --- [           main] liquibase.util                           : Total change sets:           13
2025-03-11T12:21:52.607+02:00  INFO 2324 --- [           main] liquibase.util                           : Update summary generated
2025-03-11T12:21:52.609+02:00  INFO 2324 --- [           main] liquibase.command                        : Update command completed successfully.
2025-03-11T12:21:52.609+02:00  INFO 2324 --- [           main] liquibase.ui                             : Liquibase: Update has been successful. Rows affected: 17
2025-03-11T12:21:52.616+02:00  INFO 2324 --- [           main] liquibase.lockservice                    : Successfully released change log lock
2025-03-11T12:21:52.619+02:00  INFO 2324 --- [           main] liquibase.command                        : Command execution complete
2025-03-11T12:21:52.742+02:00  INFO 2324 --- [           main] o.hibernate.jpa.internal.util.LogHelper  : HHH000204: Processing PersistenceUnitInfo [name: default]
2025-03-11T12:21:52.852+02:00  INFO 2324 --- [           main] org.hibernate.Version                    : HHH000412: Hibernate ORM core version 6.6.5.Final
2025-03-11T12:21:52.899+02:00  INFO 2324 --- [           main] o.h.c.internal.RegionFactoryInitiator    : HHH000026: Second-level cache disabled
2025-03-11T12:21:53.212+02:00  INFO 2324 --- [           main] o.s.o.j.p.SpringPersistenceUnitInfo      : No LoadTimeWeaver setup: ignoring JPA class transformer
2025-03-11T12:21:53.294+02:00  INFO 2324 --- [           main] org.hibernate.orm.connections.pooling    : HHH10001005: Database info:
	Database JDBC URL [Connecting through datasource 'HikariDataSource (HikariPool-1)']
	Database driver: undefined/unknown
	Database version: 8.4.4
	Autocommit mode: undefined/unknown
	Isolation level: undefined/unknown
	Minimum pool size: undefined/unknown
	Maximum pool size: undefined/unknown
2025-03-11T12:21:54.156+02:00  INFO 2324 --- [           main] o.h.e.t.j.p.i.JtaPlatformInitiator       : HHH000489: No JTA platform available (set 'hibernate.transaction.jta.platform' to enable JTA platform integration)
2025-03-11T12:21:54.156+02:00  INFO 2324 --- [           main] j.LocalContainerEntityManagerFactoryBean : Initialized JPA EntityManagerFactory for persistence unit 'default'
2025-03-11T12:21:54.563+02:00  INFO 2324 --- [           main] o.s.d.j.r.query.QueryEnhancerFactory     : Hibernate is in classpath; If applicable, HQL parser will be used.
2025-03-11T12:21:55.271+02:00  INFO 2324 --- [           main] r$InitializeUserDetailsManagerConfigurer : Global AuthenticationManager configured with UserDetailsService bean with name customUserDetailsService
2025-03-11T12:21:55.635+02:00  WARN 2324 --- [           main] JpaBaseConfiguration$JpaWebConfiguration : spring.jpa.open-in-view is enabled by default. Therefore, database queries may be performed during view rendering. Explicitly configure spring.jpa.open-in-view to disable this warning
2025-03-11T12:21:56.494+02:00  INFO 2324 --- [           main] c.e.bookshop.BookShopApplicationTests    : Started BookShopApplicationTests in 21.471 seconds (process running for 22.488)
]]></system-out>
    <system-err><![CDATA[Mockito is currently self-attaching to enable the inline-mock-maker. This will no longer work in future releases of the JDK. Please add Mockito as an agent to your build what is described in Mockito's documentation: https://javadoc.io/doc/org.mockito/mockito-core/latest/org/mockito/Mockito.html#0.3
WARNING: A Java agent has been loaded dynamically (C:\Users\RetKi\.m2\repository\net\bytebuddy\byte-buddy-agent\1.15.11\byte-buddy-agent-1.15.11.jar)
WARNING: If a serviceability tool is in use, please run with -XX:+EnableDynamicAgentLoading to hide this warning
WARNING: If a serviceability tool is not in use, please run with -Djdk.instrument.traceUsage for more information
WARNING: Dynamic loading of agents will be disallowed by default in a future release
]]></system-err>
  </testcase>
</testsuite>